2026-03-20 15:33:02,401 - INFO - Iniciando geraçăo do portfólio para: Leonardo Wallace Rodrigues de Oliveira
2026-03-20 15:33:02,404 - INFO - Arquivo salvo com sucesso: data/output\index.html
2026-03-20 15:33:02,404 - INFO - Arquivo salvo com sucesso: data/output\index.css
2026-03-20 15:33:02,404 - INFO - Portfólio gerado com sucesso em data/output/
2026-03-20 15:34:37,780 - INFO - Iniciando geraçăo do portfólio para: Leonardo Wallace Rodrigues de Oliveira
2026-03-20 15:34:37,784 - INFO - Backup criado: data/backup\index.html_20260320_153437.bak
2026-03-20 15:34:37,785 - INFO - Arquivo salvo com sucesso: data/output\index.html
2026-03-20 15:34:37,785 - INFO - Backup criado: data/backup\index.css_20260320_153437.bak
2026-03-20 15:34:37,786 - INFO - Arquivo salvo com sucesso: data/output\index.css
2026-03-20 15:34:37,786 - INFO - Portfólio gerado com sucesso em data/output/
2026-03-20 15:52:54,676 - INFO - Iniciando geraçăo do portfólio para: Leonardo Wallace Rodrigues de Oliveira
2026-03-20 15:52:54,680 - INFO - Backup criado: data/backup\index.html_20260320_155254.bak
2026-03-20 15:52:54,682 - INFO - Arquivo salvo com sucesso: data/output\index.html
2026-03-20 15:52:54,684 - INFO - Backup criado: data/backup\index.css_20260320_155254.bak
2026-03-20 15:52:54,684 - INFO - Arquivo salvo com sucesso: data/output\index.css
2026-03-20 15:52:54,684 - INFO - Portfólio gerado com sucesso em data/output/
2026-03-20 16:24:35,267 - INFO - Iniciando geraçăo do portfólio para: Leonardo Wallace Rodrigues de Oliveira
2026-03-20 16:24:35,272 - INFO - Backup criado: data/backup\index.html_20260320_162435.bak
2026-03-20 16:24:35,273 - INFO - Arquivo salvo com sucesso: data/output\index.html
2026-03-20 16:24:35,276 - INFO - Backup criado: data/backup\index.css_20260320_162435.bak
2026-03-20 16:24:35,277 - INFO - Arquivo salvo com sucesso: data/output\index.css
2026-03-20 16:24:35,279 - INFO - Asset copiado: data/input/favicon.png -> data/output/favicon.png
2026-03-20 16:24:35,282 - INFO - Asset copiado: data/input/bg.png -> data/output/bg.png
2026-03-20 16:24:35,298 - INFO - Asset copiado: data/input/cv-leonardo.pdf -> data/output/assets/pdf/cv-leonardo.pdf
2026-03-20 16:24:35,298 - INFO - Portfólio gerado com sucesso em data/output/
2026-04-15 17:10:10,192 - INFO - Iniciando geraçăo do portfólio para: Leonardo Wallace Rodrigues de Oliveira
2026-04-15 17:10:10,195 - INFO - Backup criado: data/backup\index.html_20260415_171010.bak
2026-04-15 17:10:10,196 - INFO - Arquivo salvo com sucesso: data/output\index.html
2026-04-15 17:10:10,197 - INFO - Backup criado: data/backup\index.css_20260415_171010.bak
2026-04-15 17:10:10,198 - INFO - Arquivo salvo com sucesso: data/output\index.css
2026-04-15 17:10:10,199 - INFO - Asset copiado: data/input/favicon.png -> data/output/favicon.png
2026-04-15 17:10:10,200 - INFO - Asset copiado: data/input/bg.png -> data/output/bg.png
2026-04-15 17:10:10,202 - INFO - Asset copiado: data/input/cv-leonardo.pdf -> data/output/assets/pdf/cv-leonardo.pdf
2026-04-15 17:10:10,251 - INFO - Demo do Controle de Parcelas copiado com sucesso.
2026-04-15 17:10:10,251 - INFO - Portfólio gerado com sucesso em data/output/
2026-04-15 17:10:10,252 - ERROR - Erro crírico durante a geraçăo: 'charmap' codec can't encode character '\u2705' in position 0: character maps to <undefined>
